Building DAG of jobs...
Using shell: /usr/bin/bash
Provided cores: 1 (use --cores to define parallelism)
Rules claiming more threads will be scaled down.
Job stats:
job      count    min threads    max threads
-----  -------  -------------  -------------
Case         1              1              1
Post         1              1              1
Run          1              1              1
mesh         1              1              1
total        4              1              1

Select jobs to execute...

[Tue Feb  8 17:42:40 2022]
rule mesh:
    output: meshing/mesh1.txt, meshing/mesh2.txt
    jobid: 3
    resources: tmpdir=/tmp

[Tue Feb  8 17:42:40 2022]
Finished job 3.
1 of 4 steps (25%) done
Select jobs to execute...

[Tue Feb  8 17:42:40 2022]
rule Case:
    input: meshing/mesh1.txt, meshing/mesh2.txt
    output: Case/case.txt
    jobid: 2
    resources: tmpdir=/tmp

[Tue Feb  8 17:42:40 2022]
Finished job 2.
2 of 4 steps (50%) done
Select jobs to execute...

[Tue Feb  8 17:42:40 2022]
rule Run:
    input: Case/case.txt
    output: Run/run.txt
    jobid: 1
    resources: tmpdir=/tmp

[Tue Feb  8 17:42:40 2022]
Finished job 1.
3 of 4 steps (75%) done
Select jobs to execute...

[Tue Feb  8 17:42:40 2022]
rule Post:
    input: Run/run.txt
    output: Post-processing/results.txt
    jobid: 0
    resources: tmpdir=/tmp

[Tue Feb  8 17:42:40 2022]
Finished job 0.
4 of 4 steps (100%) done
Complete log: /home/kamal/PycharmProjects/Studium/NTRfC/workflows/.snakemake/log/2022-02-08T174240.214388.snakemake.log
